Default float: float32
{'mode': 'learn', 'track': 'sokoban_image-20000-global-global-2-train', 'num_examples': 20000, 'aeclass': 'CubeSpaceAE_AMA4Conv', 'comment': 'kltune2', 'hash': '05-09T16:42:26.372'}
ici1
loaded. picsize: [28 28  3]
(19999, 2, 28, 28, 3)
normalized shape: (28, 28, 3) (28, 28, 3)
class precedence list:
  <class 'latplan.model.ConvolutionalConcreteDetNormalizedLogitAddBidirectionalTransitionAEPlus'>
  <class 'latplan.mixins.encoder_decoder.StridedConvolutionalMixin'>
  <class 'latplan.mixins.encoder_decoder.ConvolutionalMixin'>
  <class 'latplan.model.ConcreteDetNormalizedLogitAddBidirectionalTransitionAEPlus'>
  <class 'latplan.model.DetActionMixin'>
  <class 'latplan.model.NormalizedLogitAddBidirectionalMixin'>
  <class 'latplan.model.NormalizedLogitAddPreconditionMixin'>
  <class 'latplan.model.NormalizedLogitAddEffectMixin'>
  <class 'latplan.model.LogitEffectMixin'>
  <class 'latplan.model.BaseActionMixinAMA4Plus'>
  <class 'latplan.model.BidirectionalMixin'>
  <class 'latplan.model.PreconditionMixin'>
  <class 'latplan.model.EffectMixin'>
  <class 'latplan.model.BaseActionMixin'>
  <class 'latplan.model.TransitionWrapper'>
  <class 'latplan.model.StateAE'>
  <class 'latplan.mixins.latent.ConcreteLatentMixin'>
  <class 'latplan.model.EarlyStopMixin'>
  <class 'latplan.mixins.encoder_decoder.FullConnectedMixin'>
  <class 'latplan.mixins.encoder_decoder.EncoderDecoderMixin'>
  <class 'latplan.model.AE'>
  <class 'latplan.network.Network'>
  <class 'object'>
clearning tf session
cleared tf session
Building networks
building a convolutional encoder
pool per layer: 1 depth: 2 total pool: 1 H: 28 W: 28 dH: 0 dW: 0
<keras.layers.convolutional.Conv2D object at 0x7f0ccd632580>
[0, 28, 28, 3] -> (0, 28, 28, 32) : <keras.layers.convolutional.Conv2D object at 0x7f0ccd632580>
<keras.layers.normalization.BatchNormalization object at 0x7f0cc88086a0>
(0, 28, 28, 32) -> (0, 28, 28, 32) : <keras.layers.normalization.BatchNormalization object at 0x7f0cc88086a0>
<keras.layers.core.Dropout object at 0x7f0cc8808760>
(0, 28, 28, 32) -> (0, 28, 28, 32) : <keras.layers.core.Dropout object at 0x7f0cc8808760>
<keras.layers.convolutional.Conv2D object at 0x7f0cc88087c0>
(0, 28, 28, 32) -> (0, 28, 28, 32) : <keras.layers.convolutional.Conv2D object at 0x7f0cc88087c0>
<keras.layers.normalization.BatchNormalization object at 0x7f0cc88088e0>
(0, 28, 28, 32) -> (0, 28, 28, 32) : <keras.layers.normalization.BatchNormalization object at 0x7f0cc88088e0>
<keras.layers.core.Dropout object at 0x7f0cc88089a0>
(0, 28, 28, 32) -> (0, 28, 28, 32) : <keras.layers.core.Dropout object at 0x7f0cc88089a0>
latent space shape is (28, 28, 32) : 300 propositions in total
building a convolutional decoder
pool per layer: 1 depth: 2 total pool: 1 H: 28 W: 28 dH: 0 dW: 0
<keras.layers.core.Reshape object at 0x7f0cc8808f70>
[0, 28, 28, 32] -> (0, 28, 28, 32) : <keras.layers.core.Reshape object at 0x7f0cc8808f70>
<keras.layers.convolutional.Conv2DTranspose object at 0x7f0cc8808fa0>
(0, 28, 28, 32) -> (0, 28, 28, 32) : <keras.layers.convolutional.Conv2DTranspose object at 0x7f0cc8808fa0>
<keras.layers.normalization.BatchNormalization object at 0x7f0cc88201c0>
(0, 28, 28, 32) -> (0, 28, 28, 32) : <keras.layers.normalization.BatchNormalization object at 0x7f0cc88201c0>
<keras.layers.core.Dropout object at 0x7f0cc8820730>
(0, 28, 28, 32) -> (0, 28, 28, 32) : <keras.layers.core.Dropout object at 0x7f0cc8820730>
<keras.layers.convolutional.Conv2DTranspose object at 0x7f0cc8820100>
(0, 28, 28, 32) -> (0, 28, 28, 3) : <keras.layers.convolutional.Conv2DTranspose object at 0x7f0cc8820100>
Network built
Building auxiliary networks
Auxiliary network built
Compiling networks
there are 1 networks.
there are 1 optimizers.
there are 1 losses.
compiling <keras.engine.training.Model object at 0x7f0cbe7831c0> with <keras_radam.optimizers.RAdam object at 0x7f0cbc275ca0>, <function BaseActionMixinAMA4Plus._build_primary.<locals>.loss at 0x7f0cbe785700>.
Network compiled
learning stopped

Saving the network to samples/sokoban_sokoban_image-20000-global-global-2-train_20000_CubeSpaceAE_AMA4Conv_kltune2/logs/05-09T16:42:26.372/
